2026-03-24 18:32:54,606 [INFO] AdsPower detectado e ativo.
2026-03-24 18:33:00,917 [INFO] 0 perfis encontrados.
2026-03-24 18:33:23,820 [INFO] Abrindo perfil k1aqyjy5 (k1aqyjy5)...
2026-03-24 18:33:23,823 [ERROR] Falha ao abrir perfil k1aqyjy5.
2026-03-24 18:34:17,471 [INFO] Abrindo perfil k1aqyjy5 (dreaface)...
2026-03-24 18:34:17,474 [ERROR] Falha ao abrir perfil k1aqyjy5.
2026-03-24 18:38:33,413 [INFO] AdsPower detectado e ativo.
2026-03-24 18:38:57,934 [INFO] Abrindo perfil k1aqyjy5 (dreaface)...
2026-03-24 18:38:57,936 [ERROR] Falha ao abrir perfil k1aqyjy5.
2026-03-24 18:42:46,329 [INFO] AdsPower detectado e ativo.
2026-03-24 18:42:54,017 [INFO] Abrindo perfil k1aqyjy5 (dreaface)...
2026-03-24 18:42:59,264 [INFO] Perfil k1aqyjy5 conectado. Título: dreaface
2026-03-24 18:43:25,621 [INFO] [k1aqyjy5] Tarefa concluída: {'title': 'Facebook', 'url': 'https://www.facebook.com/'}
2026-03-24 18:44:04,659 [ERROR] [k1aqyjy5] Erro na tarefa: Message: no such window: target window already closed
from unknown error: web view not found
  (Session info: chrome=143.0.7499.41)
Stacktrace:
Symbols not available. Dumping unresolved backtrace:
	0x7ff610c92e25
	0x7ff610c92dd0
	0x7ff610fbca9d
	0x7ff610f8c3f4
	0x7ff611049806
	0x7ff61106685f
	0x7ff611009454
	0x7ff611007d56
	0x7ff61100913a
	0x7ff6116ded06
	0x7ff610c57c93
	0x7ff6114b6b40
	0x7ff61167c660
	0x7ff6112aa13a
	0x7ff610d27e5e
	0x7ff610d27ca4
	0x7ff610d2798f
	0x7ff610d38458
	0x7fffdc607374
	0x7fffde4dcc91

2026-03-24 18:44:22,791 [INFO] AdsPower detectado e ativo.
2026-03-24 18:45:44,645 [INFO] AdsPower detectado e ativo.
2026-03-24 18:45:59,572 [INFO] Abrindo perfil k1aqyjy5 (dreaface)...
2026-03-24 18:45:59,619 [INFO] Perfil k1aqyjy5 conectado. Título: Nova guia
2026-03-24 18:46:08,361 [INFO] Abrindo perfil k1aqyjy5 ()...
2026-03-24 18:46:08,394 [INFO] Perfil k1aqyjy5 conectado. Título: Nova guia
2026-03-24 18:46:12,794 [INFO] [k1aqyjy5] Tarefa concluída: {'title': 'Facebook', 'url': 'https://www.facebook.com/'}
2026-03-24 18:46:27,428 [INFO] Perfil k1aqyjy5 fechado.
2026-03-24 18:46:36,144 [INFO] Abrindo perfil k1aqyjy5 (dreaface)...
2026-03-24 18:46:40,940 [INFO] Perfil k1aqyjy5 conectado. Título: AdsPower
2026-03-24 18:47:04,718 [INFO] Abrindo perfil k1aqyjy5 ()...
2026-03-24 18:47:05,152 [INFO] Perfil k1aqyjy5 conectado. Título: dreaface
2026-03-24 18:47:05,162 [INFO] [k1aqyjy5] Tarefa concluída: {'title': 'dreaface', 'url': 'https://start.adspower.net/?id=k1aqyjy5&host=127.0.0.1:20725', 'cookies_count': 2}
2026-03-24 18:47:19,901 [INFO] Abrindo perfil k1aqyjy5 ()...
2026-03-24 18:47:19,932 [INFO] Perfil k1aqyjy5 conectado. Título: dreaface
2026-03-24 18:47:27,662 [ERROR] [k1aqyjy5] Erro na tarefa: Message: invalid session id: session deleted as the browser has closed the connection
from disconnected: not connected to DevTools
  (Session info: chrome=143.0.7499.41); For documentation on this error, please visit: https://www.selenium.dev/documentation/webdriver/troubleshooting/errors#invalidsessionidexception
Stacktrace:
Symbols not available. Dumping unresolved backtrace:
	0x7ff610c92e25
	0x7ff610c92dd0
	0x7ff610fbca9d
	0x7ff610fa1678
	0x7ff610fce6ad
	0x7ff611049a61
	0x7ff61106685f
	0x7ff611009454
	0x7ff611007d56
	0x7ff61100913a
	0x7ff6116ded06
	0x7ff610c57c93
	0x7ff6114b6b40
	0x7ff61167c660
	0x7ff6112aa13a
	0x7ff610d27e5e
	0x7ff610d27ca4
	0x7ff610d2798f
	0x7ff610d38458
	0x7fffdc607374
	0x7fffde4dcc91

2026-03-24 18:47:32,324 [INFO] Perfil k1aqyjy5 fechado.
2026-03-24 18:48:27,083 [INFO] 2 perfis encontrados.
2026-03-24 18:48:27,083 [INFO] Abrindo perfil k1aqyjy5 (dreaface)...
2026-03-24 18:48:31,754 [INFO] Perfil k1aqyjy5 conectado. Título: AdsPower
2026-03-24 18:48:36,183 [INFO] [k1aqyjy5] Tarefa concluída: {'title': 'Facebook', 'url': 'https://www.facebook.com/'}
2026-03-24 18:48:36,183 [INFO] Aguardando 2.0s antes do próximo perfil...
2026-03-24 18:48:38,184 [INFO] Abrindo perfil k1arfkdr ()...
2026-03-24 18:48:46,132 [INFO] Perfil k1arfkdr conectado. Título: 26
2026-03-24 18:48:50,906 [INFO] [k1arfkdr] Tarefa concluída: {'title': 'Facebook', 'url': 'https://www.facebook.com/'}
2026-03-24 18:48:50,908 [INFO] Relatório salvo em: c:\Users\jc\Desktop\adspower_manager\core\..\logs\report_20260324_184850.json
2026-03-24 18:55:15,556 [INFO] AdsPower detectado e ativo.
2026-03-24 18:56:48,796 [INFO] Abrindo perfil k1aqyjy5 ()...
2026-03-24 18:56:48,844 [INFO] Perfil k1aqyjy5 conectado. Título: (20+) Facebook
2026-03-24 18:57:52,497 [INFO] AdsPower detectado e ativo.
2026-03-24 18:58:13,594 [INFO] Abrindo perfil k1aqyjy5 ()...
2026-03-24 18:58:13,644 [INFO] Perfil k1aqyjy5 conectado. Título: (20+) Facebook
2026-03-24 19:02:12,434 [INFO] [k1aqyjy5] Tarefa concluída: {'ok': False, 'error': 'Não foi possível clicar em Publicar.'}
2026-03-24 19:06:25,497 [INFO] AdsPower detectado e ativo.
2026-03-24 19:06:54,816 [INFO] Abrindo perfil k1aqyjy5 ()...
2026-03-24 19:06:54,865 [INFO] Perfil k1aqyjy5 conectado. Título: (20+) Facebook
2026-03-24 19:08:29,602 [INFO] [k1aqyjy5] Tarefa concluída: {'ok': True, 'tipo': 'foto', 'arquivo': 'espelho_frustrada.png', 'legenda': 'pra cima rapaziada', 'url': 'https://www.facebook.com/'}
2026-03-24 19:11:37,241 [INFO] Perfil k1aqyjy5 fechado.
2026-03-24 19:12:36,416 [INFO] Abrindo perfil k1aqyjy5 ()...
2026-03-24 19:12:36,952 [INFO] Perfil k1aqyjy5 conectado. Título: Nova guia
2026-03-24 19:14:10,487 [INFO] [k1aqyjy5] Tarefa concluída: {'ok': True, 'tipo': 'foto', 'arquivo': 'espelho_frustrada.png', 'legenda': 'Teste 2 perfil', 'url': 'https://www.facebook.com/'}
2026-03-24 19:14:20,532 [INFO] Perfil k1aqyjy5 fechado.
2026-03-24 19:14:20,533 [INFO] Abrindo perfil k1arfkdr ()...
2026-03-24 19:14:20,571 [INFO] Perfil k1arfkdr conectado. Título: Facebook
2026-03-24 19:17:41,616 [INFO] AdsPower detectado e ativo.
2026-03-24 19:18:51,435 [INFO] Abrindo perfil k1arfkdr ()...
2026-03-24 19:18:51,486 [INFO] Perfil k1arfkdr conectado. Título: Facebook
2026-03-24 19:20:30,738 [INFO] [k1arfkdr] Tarefa concluída: {'ok': False, 'error': "Botão 'Avançar' não encontrado."}
2026-03-24 19:20:40,795 [INFO] Perfil k1arfkdr fechado.
2026-03-24 19:20:41,797 [INFO] Abrindo perfil k1aqyjy5 ()...
2026-03-24 19:20:42,372 [INFO] Perfil k1aqyjy5 conectado. Título: Nova guia
2026-03-24 19:21:38,052 [INFO] AdsPower detectado e ativo.
2026-03-24 19:22:18,262 [INFO] Abrindo perfil k1aqyjy5 ()...
2026-03-24 19:22:18,309 [INFO] Perfil k1aqyjy5 conectado. Título: (20+) Facebook
2026-03-24 19:22:47,544 [INFO] [k1aqyjy5] Tarefa concluída: {'ok': False, 'error': 'Caixa de postagem não encontrada. Verifique login.'}
2026-03-24 19:25:02,038 [INFO] AdsPower detectado e ativo.
2026-03-24 19:25:44,405 [INFO] Abrindo perfil k1arfkdr ()...
2026-03-24 19:25:44,457 [INFO] Perfil k1arfkdr conectado. Título: Facebook
2026-03-24 19:26:20,960 [INFO] [k1arfkdr] Tarefa concluída: {'ok': False, 'error': 'Caixa de postagem não encontrada.'}
2026-03-24 19:26:31,027 [INFO] Perfil k1arfkdr fechado.
2026-03-24 19:26:31,027 [INFO] Abrindo perfil k1aqyjy5 ()...
2026-03-24 19:26:31,574 [INFO] Perfil k1aqyjy5 conectado. Título: (20+) Facebook
2026-03-24 19:27:08,072 [INFO] [k1aqyjy5] Tarefa concluída: {'ok': False, 'error': 'Caixa de postagem não encontrada.'}
2026-03-24 19:27:18,106 [INFO] Perfil k1aqyjy5 fechado.
2026-03-24 19:27:18,108 [INFO] Relatório salvo em: c:\Users\jc\Desktop\adspower_manager\core\..\logs\report_20260324_192718.json
2026-03-25 09:09:28,248 [ERROR] AdsPower não está rodando. Inicie o AdsPower antes de continuar.
2026-03-25 09:11:43,978 [INFO] AdsPower detectado e ativo.
2026-03-25 09:12:20,759 [INFO] AdsPower detectado e ativo.
2026-03-25 09:12:40,063 [INFO] Abrindo perfil k1arfkdr ()...
2026-03-25 09:12:49,640 [INFO] Perfil k1arfkdr conectado. Título: AdsPower
2026-03-25 09:23:54,176 [INFO] [k1arfkdr] Tarefa concluída: {'curtidas_feed': 20, 'reels_assistidos': 2, 'reels_curtidos': 0, 'buscas': 1, 'busca_nicho_concluida': True, 'tempo_gasto_na_busca': 48.999319553375244, 'tempo_live_total': 87.15144467353821, 'tempo_gaming_real': 81.74436926841736, 'tempo_total_feed': 266.0936498641968, 'ads_clicados': 0, 'ads_clicados_por_cta': 0, 'anuncios_clicados_na_varredura': 0, 'distancia_total_scrollada': 135839, 'itens_marketplace_vistos': 0, 'interacao_comercial_messenger': False, 'postagem': False, 'ciclos': 1, 'ok': True}
2026-03-25 09:24:05,050 [INFO] Perfil k1arfkdr fechado.
2026-03-25 09:26:43,173 [INFO] AdsPower detectado e ativo.
2026-03-25 09:30:33,888 [INFO] AdsPower detectado e ativo.
2026-03-25 11:38:55,657 [ERROR] Task exception was never retrieved
future: <Task finished name='Task-3' coro=<RemoteAgent.execute_task() done, defined at C:\Users\jc\Desktop\adspower_manager\agent.py:61> exception=UnicodeEncodeError('charmap', '▶ Iniciando Fila de Aquecimento: 1 perfis.', 0, 1, 'character maps to <undefined>')>
Traceback (most recent call last):
  File "C:\Users\jc\Desktop\adspower_manager\agent.py", line 83, in execute_task
    await self.log(f"▶ Iniciando Fila de Aquecimento: {len(profile_ids)} perfis.")
  File "C:\Users\jc\Desktop\adspower_manager\agent.py", line 42, in log
    print(message)
    ~~~~~^^^^^^^^^
  File "C:\Python314\Lib\encodings\cp1252.py", line 19, in encode
    return codecs.charmap_encode(input,self.errors,encoding_table)[0]
           ~~~~~~~~~~~~~~~~~~~~~^^^^^^^^^^^^^^^^^^^^^^^^^^^^^^^^^^
UnicodeEncodeError: 'charmap' codec can't encode character '\u25b6' in position 0: character maps to <undefined>
